[main] INFO  com.fb.facebook.SignUp  - executing test case for signup page.....
[main] INFO  com.fb.facebook.SignUp  - launching the browser...
[main] INFO  com.fb.facebook.SignUp  - maximizing the window....
[main] INFO  com.fb.facebook.SignUp  - entering first name:rahul
[main] INFO  com.fb.facebook.SignUp  - taking screenshot of: class com.fb.facebook.SignUp
[main] INFO  com.fb.facebook.SignUp  - closing browser
[main] INFO  com.fb.facebook.SignUp  - executing test case for signup page.....
[main] INFO  com.fb.facebook.SignUp  - launching the browser...
[main] INFO  com.fb.facebook.SignUp  - maximizing the window....
[main] INFO  com.fb.facebook.SignUp  - entering first name:rahul
[main] INFO  com.fb.facebook.SignUp  - taking screenshot of: class com.fb.facebook.SignUp
[main] INFO  com.fb.facebook.SignUp  - closing browser
[main] INFO  com.fb.facebook.SignUp  - executing test case for signup page.....
[main] INFO  com.fb.facebook.SignUp  - launching the browser...
[main] INFO  com.fb.facebook.SignUp  - maximizing the window....
[main] INFO  com.fb.facebook.SignUp  - entering first name:rahul
[main] INFO  com.fb.facebook.SignUp  - taking screenshot of: class com.fb.facebook.SignUp
[main] INFO  com.fb.facebook.SignUp  - executing test case for signup page.....
[main] INFO  com.fb.facebook.SignUp  - launching the browser...
[main] INFO  com.fb.facebook.SignUp  - maximizing the window....
[main] INFO  com.fb.facebook.SignUp  - entering first name:rahul
[main] INFO  com.fb.facebook.SignUp  - taking screenshot of: class com.fb.facebook.SignUp
[main] INFO  com.fb.facebook.SignUp  - executing test case for signup page.....
[main] INFO  com.fb.facebook.SignUp  - launching the browser...
[main] INFO  com.fb.facebook.SignUp  - maximizing the window....
[main] INFO  com.fb.facebook.SignUp  - entering first name:rahul
[main] INFO  com.fb.facebook.SignUp  - entering last name:kumar
[main] INFO  com.fb.facebook.SignUp  - entering email id:rahul@gmail.com
[main] INFO  com.fb.facebook.SignUp  - entering password.....
[main] INFO  com.fb.facebook.SignUp  - taking screenshot of: class com.fb.facebook.SignUp
[main] INFO  com.fb.facebook.SignUp  - executing test case for signup page.....
[main] INFO  com.fb.facebook.SignUp  - launching the browser...
[main] INFO  com.fb.facebook.SignUp  - maximizing the window....
[main] INFO  com.fb.facebook.SignUp  - entering first name:rahul
[main] INFO  com.fb.facebook.SignUp  - taking screenshot of: class com.fb.facebook.SignUp
[main] INFO  com.fb.facebook.SignUp  - executing test case for signup page.....
[main] INFO  com.fb.facebook.SignUp  - launching the browser...
[main] INFO  com.fb.facebook.SignUp  - maximizing the window....
[main] INFO  com.fb.facebook.SignUp  - entering first name:rahul
[main] INFO  com.fb.facebook.SignUp  - entering last name:kumar
[main] INFO  com.fb.facebook.SignUp  - entering email id:rahul@gmail.com
[main] INFO  com.fb.facebook.SignUp  - entering password.....
[main] INFO  com.fb.facebook.SignUp  - clicked on sign up button
[main] INFO  com.fb.facebook.SignUp  - taking screenshot of: class com.fb.facebook.SignUp
[main] INFO  com.fb.facebook.SignUp  - executing test case for signup page.....
[main] INFO  com.fb.facebook.SignUp  - launching the browser...
[main] INFO  com.fb.facebook.SignUp  - maximizing the window....
[main] INFO  com.fb.facebook.SignUp  - entering first name:rahul
[main] INFO  com.fb.facebook.SignUp  - entering last name:kumar
[main] INFO  com.fb.facebook.SignUp  - entering email id:rahul@gmail.com
[main] INFO  com.fb.facebook.SignUp  - entering password.....
[main] INFO  com.fb.facebook.SignUp  - clicked on sign up button
[main] INFO  com.fb.facebook.SignUp  - taking screenshot of: class com.fb.facebook.SignUp
[main] INFO  com.fb.facebook.SignUp  - executing test case for signup page.....
[main] INFO  com.fb.facebook.SignUp  - launching the browser...
[main] INFO  com.fb.facebook.SignUp  - maximizing the window....
[main] INFO  com.fb.facebook.SignUp  - entering first name:rahul
[main] INFO  com.fb.facebook.SignUp  - taking screenshot of: class com.fb.facebook.SignUp
[main] INFO  com.fb.facebook.SignUp  - executing test case for signup page.....
[main] INFO  com.fb.facebook.SignUp  - launching the browser...
[main] INFO  com.fb.facebook.SignUp  - maximizing the window....
[main] INFO  com.fb.facebook.SignUp  - entering first name:rahul
[main] INFO  com.fb.facebook.SignUp  - entering last name:kumar
[main] INFO  com.fb.facebook.SignUp  - entering email id:rahul@gmail.com
[main] INFO  com.fb.facebook.SignUp  - entering password.....
[main] INFO  com.fb.facebook.SignUp  - taking screenshot of: class com.fb.facebook.SignUp
[main] INFO  com.fb.facebook.SignUp  - executing test case for signup page.....
[main] INFO  com.fb.facebook.SignUp  - launching the browser...
[main] INFO  com.fb.facebook.SignUp  - maximizing the window....
[main] INFO  com.fb.facebook.SignUp  - entering first name:rahul
[main] INFO  com.fb.facebook.SignUp  - entering last name:kumar
[main] INFO  com.fb.facebook.SignUp  - entering email id:rahul@gmail.com
[main] INFO  com.fb.facebook.SignUp  - entering password.....
[main] INFO  com.fb.facebook.SignUp  - clicked on sign up button
[main] INFO  com.fb.facebook.SignUp  - taking screenshot of: class com.fb.facebook.SignUp
[main] INFO  com.fb.facebook.SignUp  - executing test case for signup page.....
[main] INFO  com.fb.facebook.SignUp  - launching the browser...
[main] INFO  com.fb.facebook.SignUp  - maximizing the window....
[main] INFO  com.fb.facebook.SignUp  - entering first name:rahul
[main] INFO  com.fb.facebook.SignUp  - taking screenshot of: class com.fb.facebook.SignUp
[main] INFO  com.fb.facebook.SignUp  - executing test case for signup page.....
[main] INFO  com.fb.facebook.SignUp  - launching the browser...
[main] INFO  com.fb.facebook.SignUp  - maximizing the window....
[main] INFO  com.fb.facebook.SignUp  - entering first name:rahul
[main] INFO  com.fb.facebook.SignUp  - entering last name:kumar
[main] INFO  com.fb.facebook.SignUp  - entering email id:rahul@gmail.com
[main] INFO  com.fb.facebook.SignUp  - entering password.....
[main] INFO  com.fb.facebook.SignUp  - clicked on sign up button
[main] INFO  com.fb.facebook.SignUp  - taking screenshot of: class com.fb.facebook.SignUp
[main] INFO  com.fb.facebook.SignUp  - executing test case for signup page.....
[main] INFO  com.fb.facebook.SignUp  - launching the browser...
[main] INFO  com.fb.facebook.SignUp  - maximizing the window....
[main] INFO  com.fb.facebook.SignUp  - executing test case for signup page.....
[main] INFO  com.fb.facebook.SignUp  - launching the browser...
[main] INFO  com.fb.facebook.SignUp  - maximizing the window....
[main] INFO  com.fb.facebook.SignUp  - entering first name:rahul
[main] INFO  com.fb.facebook.SignUp  - entering last name:kumar
[main] INFO  com.fb.facebook.SignUp  - entering email id:rahul@gmail.com
[main] INFO  com.fb.facebook.SignUp  - entering password.....
[main] INFO  com.fb.facebook.SignUp  - clicked on sign up button
[main] INFO  com.fb.facebook.SignUp  - taking screenshot of: class com.fb.facebook.SignUp
[main] INFO  com.fb.facebook.SignUp  - executing test case for signup page.....
[main] INFO  com.fb.facebook.SignUp  - launching the browser...
[main] INFO  com.fb.facebook.SignUp  - maximizing the window....
[main] INFO  com.fb.facebook.SignUp  - entering first name:rahul
[main] INFO  com.fb.facebook.SignUp  - taking screenshot of: class com.fb.facebook.SignUp
[main] INFO  com.fb.facebook.SignUp  - executing test case for signup page.....
[main] INFO  com.fb.facebook.SignUp  - launching the browser...
[main] INFO  com.fb.facebook.SignUp  - maximizing the window....
[main] INFO  com.fb.facebook.SignUp  - entering first name:rahul
[main] INFO  com.fb.facebook.SignUp  - entering last name:kumar
[main] INFO  com.fb.facebook.SignUp  - entering email id:rahul@gmail.com
[main] INFO  com.fb.facebook.SignUp  - entering password.....
[main] INFO  com.fb.facebook.SignUp  - clicked on sign up button
[main] INFO  com.fb.facebook.SignUp  - taking screenshot of: class com.fb.facebook.SignUp
[main] INFO  com.fb.facebook.SignUp  - executing test case for signup page.....
[main] INFO  com.fb.facebook.SignUp  - launching the browser...
[main] INFO  com.fb.facebook.SignUp  - maximizing the window....
[main] INFO  com.fb.facebook.SignUp  - entering first name:rahul
[main] INFO  com.fb.facebook.SignUp  - entering last name:kumar
[main] INFO  com.fb.facebook.SignUp  - entering email id:rahul@gmail.com
[main] INFO  com.fb.facebook.SignUp  - entering password.....
[main] INFO  com.fb.facebook.SignUp  - clicked on sign up button
[main] INFO  com.fb.facebook.SignUp  - taking screenshot of: class com.fb.facebook.SignUp
[main] INFO  com.fb.facebook.SignUp  - executing test case for signup page.....
[main] INFO  com.fb.facebook.SignUp  - launching the browser...
[main] INFO  com.fb.facebook.SignUp  - maximizing the window....
[main] INFO  com.fb.facebook.SignUp  - executing test case for signup page.....
[main] INFO  com.fb.facebook.SignUp  - launching the browser...
[main] INFO  com.fb.facebook.SignUp  - maximizing the window....
[main] INFO  com.fb.facebook.SignUp  - entering first name:rahul
[main] INFO  com.fb.facebook.SignUp  - taking screenshot of: class com.fb.facebook.SignUp
[main] INFO  com.fb.facebook.SignUp  - entering first name:rahul
[main] INFO  com.fb.facebook.SignUp  - executing test case for signup page.....
[main] INFO  com.fb.facebook.SignUp  - launching the browser...
[main] INFO  com.fb.facebook.SignUp  - taking screenshot of: class com.fb.facebook.SignUp
[main] INFO  com.fb.facebook.SignUp  - maximizing the window....
[main] INFO  com.fb.facebook.SignUp  - entering first name:rahul
[main] INFO  com.fb.facebook.SignUp  - entering last name:kumar
[main] INFO  com.fb.facebook.SignUp  - entering email id:rahul@gmail.com
[main] INFO  com.fb.facebook.SignUp  - entering password.....
[main] INFO  com.fb.facebook.SignUp  - clicked on sign up button
[main] INFO  com.fb.facebook.SignUp  - taking screenshot of: class com.fb.facebook.SignUp
[main] INFO  com.fb.facebook.SignUp  - executing test case for signup page.....
[main] INFO  com.fb.facebook.SignUp  - launching the browser...
[main] INFO  com.fb.facebook.SignUp  - maximizing the window....
[main] INFO  com.fb.facebook.SignUp  - entering first name:rahul
[main] INFO  com.fb.facebook.SignUp  - entering last name:kumar
[main] INFO  com.fb.facebook.SignUp  - entering email id:rahul@gmail.com
[main] INFO  com.fb.facebook.SignUp  - entering password.....
[main] INFO  com.fb.facebook.SignUp  - clicked on sign up button
[main] INFO  com.fb.facebook.SignUp  - taking screenshot of: class com.fb.facebook.SignUp
[main] INFO  com.fb.facebook.SignUp  - executing test case for signup page.....
[main] INFO  com.fb.facebook.SignUp  - launching the browser...
[main] INFO  com.fb.facebook.SignUp  - maximizing the window....
[main] INFO  com.fb.facebook.SignUp  - entering first name:rahul
[main] INFO  com.fb.facebook.SignUp  - entering last name:kumar
[main] INFO  com.fb.facebook.SignUp  - entering email id:rahul@gmail.com
[main] INFO  com.fb.facebook.SignUp  - entering password.....
[main] INFO  com.fb.facebook.SignUp  - clicked on sign up button
[main] INFO  com.fb.facebook.SignUp  - taking screenshot of: class com.fb.facebook.SignUp
[main] INFO  com.fb.facebook.SignUp  - executing test case for signup page.....
[main] INFO  com.fb.facebook.SignUp  - launching the browser...
[main] INFO  com.fb.facebook.SignUp  - maximizing the window....
[main] INFO  com.fb.facebook.SignUp  - entering first name:rahul
[main] INFO  com.fb.facebook.SignUp  - entering last name:kumar
[main] INFO  com.fb.facebook.SignUp  - entering email id:rahul@gmail.com
[main] INFO  com.fb.facebook.SignUp  - entering password.....
[main] INFO  com.fb.facebook.SignUp  - clicked on sign up button
[main] INFO  com.fb.facebook.SignUp  - taking screenshot of: class com.fb.facebook.SignUp
[main] INFO  com.fb.facebook.SignUp  - executing test case for signup page.....
[main] INFO  com.fb.facebook.SignUp  - launching the browser...
[main] INFO  com.fb.facebook.SignUp  - maximizing the window....
[main] INFO  com.fb.facebook.SignUp  - entering first name:rahul
[main] INFO  com.fb.facebook.SignUp  - taking screenshot of: class com.fb.facebook.SignUp
[main] INFO  com.fb.facebook.SignUp  - executing test case for signup page.....
[main] INFO  com.fb.facebook.SignUp  - launching the browser...
[main] INFO  com.fb.facebook.SignUp  - maximizing the window....
[main] INFO  com.fb.facebook.SignUp  - entering first name:rahul
[main] INFO  com.fb.facebook.SignUp  - entering last name:kumar
[main] INFO  com.fb.facebook.SignUp  - entering email id:rahul@gmail.com
[main] INFO  com.fb.facebook.SignUp  - entering password.....
[main] INFO  com.fb.facebook.SignUp  - taking screenshot of: class com.fb.facebook.SignUp
[main] INFO  com.fb.facebook.SignUp  - executing test case for signup page.....
[main] INFO  com.fb.facebook.SignUp  - launching the browser...
[main] INFO  com.fb.facebook.SignUp  - maximizing the window....
[main] INFO  com.fb.facebook.SignUp  - entering first name:rahul
[main] INFO  com.fb.facebook.SignUp  - entering last name:kumar
[main] INFO  com.fb.facebook.SignUp  - entering email id:rahul@gmail.com
[main] INFO  com.fb.facebook.SignUp  - entering password.....
[main] INFO  com.fb.facebook.SignUp  - clicked on sign up button
[main] INFO  com.fb.facebook.SignUp  - taking screenshot of: class com.fb.facebook.SignUp
[main] INFO  com.fb.facebook.SignUp  - executing test case for signup page.....
[main] INFO  com.fb.facebook.SignUp  - launching the browser...
[main] INFO  com.fb.facebook.SignUp  - maximizing the window....
[main] INFO  com.fb.facebook.SignUp  - executing test case for signup page.....
[main] INFO  com.fb.facebook.SignUp  - launching the browser...
[main] INFO  com.fb.facebook.SignUp  - maximizing the window....
[main] INFO  com.fb.facebook.SignUp  - entering first name:rahul
[main] INFO  com.fb.facebook.SignUp  - taking screenshot of: class com.fb.facebook.SignUp
[main] INFO  com.fb.facebook.SignUp  - entering first name:rahul
[main] INFO  com.fb.facebook.SignUp  - executing test case for signup page.....
[main] INFO  com.fb.facebook.SignUp  - launching the browser...
[main] INFO  com.fb.facebook.SignUp  - taking screenshot of: class com.fb.facebook.SignUp
[main] INFO  com.fb.facebook.SignUp  - maximizing the window....
[main] INFO  com.fb.facebook.SignUp  - entering first name:rahul
[main] INFO  com.fb.facebook.SignUp  - entering last name:kumar
[main] INFO  com.fb.facebook.SignUp  - entering email id:rahul@gmail.com
[main] INFO  com.fb.facebook.SignUp  - entering password.....
[main] INFO  com.fb.facebook.SignUp  - clicked on sign up button
[main] INFO  com.fb.facebook.SignUp  - taking screenshot of: class com.fb.facebook.SignUp
[main] INFO  com.fb.facebook.SignUp  - executing test case for signup page.....
[main] INFO  com.fb.facebook.SignUp  - launching the browser...
[main] INFO  com.fb.facebook.SignUp  - maximizing the window....
[main] INFO  com.fb.facebook.SignUp  - entering first name:rahul
[main] INFO  com.fb.facebook.SignUp  - entering last name:kumar
[main] INFO  com.fb.facebook.SignUp  - entering email id:rahul@gmail.com
[main] INFO  com.fb.facebook.SignUp  - entering password.....
[main] INFO  com.fb.facebook.SignUp  - taking screenshot of: class com.fb.facebook.SignUp
[main] INFO  com.fb.facebook.SignUp  - executing test case for signup page.....
[main] INFO  com.fb.facebook.SignUp  - launching the browser...
[main] INFO  com.fb.facebook.SignUp  - maximizing the window....
[main] INFO  com.fb.facebook.SignUp  - entering first name:rahul
[main] INFO  com.fb.facebook.SignUp  - entering last name:kumar
[main] INFO  com.fb.facebook.SignUp  - entering email id:rahul@gmail.com
[main] INFO  com.fb.facebook.SignUp  - entering password.....
[main] INFO  com.fb.facebook.SignUp  - taking screenshot of: class com.fb.facebook.SignUp
[main] INFO  com.fb.facebook.SignUp  - executing test case for signup page.....
[main] INFO  com.fb.facebook.SignUp  - launching the browser...
[main] INFO  com.fb.facebook.SignUp  - maximizing the window....
[main] INFO  com.fb.facebook.SignUp  - entering first name:rahul
[main] INFO  com.fb.facebook.SignUp  - entering last name:kumar
[main] INFO  com.fb.facebook.SignUp  - entering email id:rahul@gmail.com
[main] INFO  com.fb.facebook.SignUp  - entering password.....
[main] INFO  com.fb.facebook.SignUp  - clicked on sign up button
[main] INFO  com.fb.facebook.SignUp  - taking screenshot of: class com.fb.facebook.SignUp
[main] INFO  com.fb.facebook.SignUp  - executing test case for signup page.....
[main] INFO  com.fb.facebook.SignUp  - launching the browser...
[main] INFO  com.fb.facebook.SignUp  - maximizing the window....
[main] INFO  com.fb.facebook.SignUp  - entering first name:rahul
[main] INFO  com.fb.facebook.SignUp  - entering last name:kumar
[main] INFO  com.fb.facebook.SignUp  - entering email id:rahul@gmail.com
[main] INFO  com.fb.facebook.SignUp  - entering password.....
[main] INFO  com.fb.facebook.SignUp  - clicked on sign up button
[main] INFO  com.fb.facebook.SignUp  - taking screenshot of: class com.fb.facebook.SignUp
[main] INFO  com.fb.facebook.SignUp  - closing browser
[main] INFO  com.fb.facebook.SignUp  - executing test case for signup page.....
[main] INFO  com.fb.facebook.SignUp  - launching the browser...
[main] INFO  com.fb.facebook.SignUp  - maximizing the window....
[main] INFO  com.fb.facebook.SignUp  - entering first name:rahul
[main] INFO  com.fb.facebook.SignUp  - entering last name:kumar
[main] INFO  com.fb.facebook.SignUp  - entering email id:rahul@gmail.com
[main] INFO  com.fb.facebook.SignUp  - entering password.....
[main] INFO  com.fb.facebook.SignUp  - clicked on sign up button
[main] INFO  com.fb.facebook.SignUp  - taking screenshot of: class com.fb.facebook.SignUp
[main] INFO  com.fb.facebook.SignUp  - closing browser
[main] INFO  com.fb.facebook.SignUp  - executing test case for signup page.....
[main] INFO  com.fb.facebook.SignUp  - launching the browser...
[main] INFO  com.fb.facebook.SignUp  - maximizing the window....
[main] INFO  com.fb.facebook.SignUp  - entering first name:rahul
[main] INFO  com.fb.facebook.SignUp  - entering last name:kumar
[main] INFO  com.fb.facebook.SignUp  - entering email id:rahul@gmail.com
[main] INFO  com.fb.facebook.SignUp  - entering password.....
[main] INFO  com.fb.facebook.SignUp  - selected gender..!!
[main] INFO  com.fb.facebook.SignUp  - clicked on sign up button
[main] INFO  com.fb.facebook.SignUp  - taking screenshot of: class com.fb.facebook.SignUp
[main] INFO  com.fb.facebook.SignUp  - executing test case for signup page.....
[main] INFO  com.fb.facebook.SignUp  - launching the browser...
[main] INFO  com.fb.facebook.SignUp  - maximizing the window....
[main] INFO  com.fb.facebook.SignUp  - entering first name:ravi
[main] INFO  com.fb.facebook.SignUp  - taking screenshot of: class com.fb.facebook.SignUp
[main] INFO  com.fb.facebook.SignUp  - executing test case for signup page.....
[main] INFO  com.fb.facebook.SignUp  - launching the browser...
[main] INFO  com.fb.facebook.SignUp  - maximizing the window....
[main] INFO  com.fb.facebook.SignUp  - entering first name:ravi
[main] INFO  com.fb.facebook.SignUp  - entering last name:kumar
[main] INFO  com.fb.facebook.SignUp  - entering email id:ravi@gmail.com
[main] INFO  com.fb.facebook.SignUp  - entering password.....
[main] INFO  com.fb.facebook.SignUp  - selected gender..!!
[main] INFO  com.fb.facebook.SignUp  - clicked on sign up button
[main] INFO  com.fb.facebook.SignUp  - taking screenshot of: class com.fb.facebook.SignUp
[main] INFO  com.fb.facebook.Login  - executing test case for login page.....
[main] INFO  com.fb.facebook.Login  - launching the browser...
[main] INFO  com.fb.facebook.Login  - maximizing the window....
[main] INFO  com.fb.facebook.Login  - executing test case for login page.....
[main] INFO  com.fb.facebook.Login  - launching the browser...
[main] INFO  com.fb.facebook.Login  - entering mail id:ravi@gmail.com
[main] INFO  com.fb.facebook.Login  - maximizing the window....
[main] INFO  com.fb.facebook.Login  - entering mail id:ravi@gmail.com
[main] INFO  com.fb.facebook.Login  - entering password....
[main] INFO  com.fb.facebook.Login  - taking screenshot.....
[main] INFO  com.fb.facebook.Login  - taking screenshot of: class com.fb.facebook.Login
[main] INFO  com.fb.facebook.Login  - clicked on login button
[main] INFO  com.fb.facebook.Login  - taking screenshot.....
[main] INFO  com.fb.facebook.Login  - taking screenshot of: class com.fb.facebook.Login
[main] INFO  com.fb.facebook.Login  - closing browser
[main] INFO  com.fb.facebook.Login  - executing test case for login page.....
[main] INFO  com.fb.facebook.Login  - launching the browser...
[main] INFO  com.fb.facebook.Login  - maximizing the window....
[main] INFO  com.fb.facebook.Login  - entering mail id:ravi@gmail.com
[main] INFO  com.fb.facebook.Login  - entering password....
[main] INFO  com.fb.facebook.Login  - clicked on login button
[main] INFO  com.fb.facebook.Login  - taking screenshot.....
[main] INFO  com.fb.facebook.Login  - taking screenshot of: class com.fb.facebook.Login
[main] INFO  com.fb.facebook.Login  - executing test case for login page.....
[main] INFO  com.fb.facebook.Login  - launching the browser...
[main] INFO  com.fb.facebook.Login  - maximizing the window....
[main] INFO  com.fb.facebook.Login  - entering mail id:ravi@gmail.com
[main] INFO  com.fb.facebook.Login  - entering password....
[main] INFO  com.fb.facebook.Login  - clicked on login button
[main] INFO  com.fb.facebook.Login  - entering password....
[main] INFO  com.fb.facebook.Login  - taking screenshot.....
[main] INFO  com.fb.facebook.Login  - taking screenshot of: class com.fb.facebook.Login
[main] INFO  com.fb.facebook.SignUp  - executing test case for signup page.....
[main] INFO  com.fb.facebook.SignUp  - launching the browser...
[main] INFO  com.fb.facebook.SignUp  - maximizing the window....
[main] INFO  com.fb.facebook.SignUp  - entering first name:ravi
[main] INFO  com.fb.facebook.SignUp  - entering last name:kumar
[main] INFO  com.fb.facebook.SignUp  - entering email id:ravi@gmail.com
[main] INFO  com.fb.facebook.SignUp  - entering password.....
[main] INFO  com.fb.facebook.SignUp  - selected gender..!!
[main] INFO  com.fb.facebook.SignUp  - clicked on sign up button
[main] INFO  com.fb.facebook.SignUp  - taking screenshot of: class com.fb.facebook.SignUp
[main] INFO  com.fb.facebook.SignUp  - executing test case for signup page.....
[main] INFO  com.fb.facebook.SignUp  - launching the browser...
[main] INFO  com.fb.facebook.SignUp  - maximizing the window....
[main] INFO  com.fb.facebook.SignUp  - entering first name:ravi
[main] INFO  com.fb.facebook.SignUp  - taking screenshot of: class com.fb.facebook.SignUp
[main] INFO  com.fb.facebook.SignUp  - executing test case for signup page.....
[main] INFO  com.fb.facebook.SignUp  - launching the browser...
[main] INFO  com.fb.facebook.SignUp  - maximizing the window....
[main] INFO  com.fb.facebook.SignUp  - entering first name:ravi
[main] INFO  com.fb.facebook.SignUp  - entering last name:kumar
[main] INFO  com.fb.facebook.SignUp  - entering email id:ravi@gmail.com
[main] INFO  com.fb.facebook.SignUp  - entering password.....
[main] INFO  com.fb.facebook.SignUp  - selected gender..!!
[main] INFO  com.fb.facebook.SignUp  - clicked on sign up button
[main] INFO  com.fb.facebook.SignUp  - taking screenshot of: class com.fb.facebook.SignUp
[main] INFO  com.fb.facebook.SignUp  - executing test case for signup page.....
[main] INFO  com.fb.facebook.SignUp  - launching the browser...
[main] INFO  com.fb.facebook.SignUp  - maximizing the window....
[main] INFO  com.fb.facebook.SignUp  - entering first name:ravi
[main] INFO  com.fb.facebook.SignUp  - entering last name:kumar
[main] INFO  com.fb.facebook.SignUp  - entering email id:ravi@gmail.com
[main] INFO  com.fb.facebook.SignUp  - entering password.....
[main] INFO  com.fb.facebook.SignUp  - selected gender..!!
[main] INFO  com.fb.facebook.SignUp  - clicked on sign up button
[main] INFO  com.fb.facebook.SignUp  - taking screenshot of: class com.fb.facebook.SignUp
[main] INFO  com.fb.facebook.Login  - executing test case for login page.....
[main] INFO  com.fb.facebook.Login  - launching the browser...
[main] INFO  com.fb.facebook.Login  - maximizing the window....
[main] INFO  com.fb.facebook.Login  - entering mail id:ravi@gmail.com
[main] INFO  com.fb.facebook.Login  - entering password....
[main] INFO  com.fb.facebook.Login  - clicked on login button
[main] INFO  com.fb.facebook.Login  - entering password....
[main] INFO  com.fb.facebook.Login  - taking screenshot.....
[main] INFO  com.fb.facebook.Login  - taking screenshot of: class com.fb.facebook.Login
[main] INFO  com.fb.facebook.Login  - closing browser
[main] INFO  com.fb.facebook.SignUp  - executing test case for signup page.....
[main] INFO  com.fb.facebook.SignUp  - launching the browser...
[main] INFO  com.fb.facebook.SignUp  - maximizing the window....
[main] INFO  com.fb.facebook.SignUp  - entering first name:ravi
[main] INFO  com.fb.facebook.SignUp  - entering last name:kumar
[main] INFO  com.fb.facebook.SignUp  - entering email id:ravi@gmail.com
[main] INFO  com.fb.facebook.SignUp  - entering password.....
[main] INFO  com.fb.facebook.SignUp  - selected gender..!!
[main] INFO  com.fb.facebook.SignUp  - clicked on sign up button
[main] INFO  com.fb.facebook.SignUp  - taking screenshot of: class com.fb.facebook.SignUp
[main] INFO  com.fb.facebook.SignUp  - closing browser
[main] INFO  com.fb.facebook.SignUp  - executing test case for signup page.....
[main] INFO  com.fb.facebook.SignUp  - launching the browser...
[main] INFO  com.fb.facebook.SignUp  - maximizing the window....
[main] INFO  com.fb.facebook.SignUp  - entering first name:ravi
[main] INFO  com.fb.facebook.SignUp  - entering last name:kumar
[main] INFO  com.fb.facebook.SignUp  - entering email id:ravi@gmail.com
[main] INFO  com.fb.facebook.SignUp  - entering password.....
[main] INFO  com.fb.facebook.SignUp  - selected gender..!!
[main] INFO  com.fb.facebook.SignUp  - clicked on sign up button
[main] INFO  com.fb.facebook.SignUp  - taking screenshot of: class com.fb.facebook.SignUp
[main] INFO  com.fb.facebook.SignUp  - closing browser
